<?xml version="1.0" encoding="UTF-8"?>
<testng-results ignored="0" total="2" passed="2" failed="0" skipped="0">
  <reporter-output>
  </reporter-output>
  <suite started-at="2024-04-11T15:53:23 AEST" name="Surefire suite" finished-at="2024-04-11T15:53:36 AEST" duration-ms="13172">
    <groups>
      <group name="cucumber">
        <method signature="AbstractTestNGCucumberTests.runScenario(io.cucumber.testng.PickleWrapper,io.cucumber.testng.FeatureWrapper)[pri:0, instance:CucumberOptions.TestNGTestRunner@3d680b5a]" name="runScenario" class="io.cucumber.testng.AbstractTestNGCucumberTests"/>
      </group> <!-- cucumber -->
    </groups>
    <test started-at="2024-04-11T15:53:23 AEST" name="Surefire test" finished-at="2024-04-11T15:53:36 AEST" duration-ms="13172">
      <class name="CucumberOptions.TestNGTestRunner">
        <test-method is-config="true" signature="setUpClass(org.testng.ITestContext)[pri:0, instance:CucumberOptions.TestNGTestRunner@3d680b5a]" started-at="2024-04-11T15:53:23 AEST" name="setUpClass" finished-at="2024-04-11T15:53:24 AEST" duration-ms="624" status="PASS">
          <params>
            <param index="0">
              <value>
                <![CDATA[org.testng.TestRunner@7103ab0]]>
              </value>
            </param>
          </params>
          <reporter-output>
          </reporter-output>
        </test-method> <!-- setUpClass -->
        <test-method signature="runScenario(io.cucumber.testng.PickleWrapper,io.cucumber.testng.FeatureWrapper)[pri:0, instance:CucumberOptions.TestNGTestRunner@3d680b5a]" started-at="2024-04-11T15:53:24 AEST" name="runScenario" description="Runs Cucumber Scenarios" data-provider="scenarios" finished-at="2024-04-11T15:53:36 AEST" duration-ms="11762" status="PASS">
          <params>
            <param index="0">
              <value>
                <![CDATA["place the order with that product"]]>
              </value>
            </param>
            <param index="1">
              <value>
                <![CDATA["place the order with that product"]]>
              </value>
            </param>
          </params>
          <reporter-output>
          </reporter-output>
        </test-method> <!-- runScenario -->
        <test-method signature="runScenario(io.cucumber.testng.PickleWrapper,io.cucumber.testng.FeatureWrapper)[pri:0, instance:CucumberOptions.TestNGTestRunner@3d680b5a]" started-at="2024-04-11T15:53:24 AEST" name="runScenario" description="Runs Cucumber Scenarios" data-provider="scenarios" finished-at="2024-04-11T15:53:36 AEST" duration-ms="12180" status="PASS">
          <params>
            <param index="0">
              <value>
                <![CDATA["place the order with that product"]]>
              </value>
            </param>
            <param index="1">
              <value>
                <![CDATA["place the order with that product"]]>
              </value>
            </param>
          </params>
          <reporter-output>
          </reporter-output>
        </test-method> <!-- runScenario -->
        <test-method is-config="true" signature="tearDownClass()[pri:0, instance:CucumberOptions.TestNGTestRunner@3d680b5a]" started-at="2024-04-11T15:53:36 AEST" name="tearDownClass" finished-at="2024-04-11T15:53:36 AEST" duration-ms="328" status="PASS">
          <reporter-output>
          </reporter-output>
        </test-method> <!-- tearDownClass -->
      </class> <!-- CucumberOptions.TestNGTestRunner -->
    </test> <!-- Surefire test -->
  </suite> <!-- Surefire suite -->
</testng-results>
